<<<<<<< Updated upstream
Base path: 'G:/Unity2019.4.29/Unity/Editor/Data', plugins path 'G:/Unity2019.4.29/Unity/Editor/Data/PlaybackEngines'
Cmd: initializeCompiler
Cmd: shutdown
=======
Base path: F:/Unity2018/Editor/Data
Cmd: initializeCompiler
Cmd: initializeCompiler
Cmd: initializeCompiler
Cmd: initializeCompiler
Cmd: initializeCompiler
Cmd: initializeCompiler
Cmd: initializeCompiler
Cmd: initializeCompiler
Cmd: initializeCompiler
Cmd: initializeCompiler
Cmd: initializeCompiler
Cmd: initializeCompiler
Cmd: initializeCompiler
Cmd: initializeCompiler
Cmd: initializeCompiler
Cmd: initializeCompiler

Quitting shader compiler process
>>>>>>> Stashed changes
